1711052657296:showStudents
1711052702999:showStudents()
1711052734471:s
1711100426014:add
1711101332190:stop
1711103351845:delete
1711103357291:add
1711129029492:show
1711129743243:add
1711131854723:deleteAll
1711131886770:add
1711132099652:deleteAll
1711132104842:add
1711278091444:fdd
1711278095736:add
1711279991765:show
1711280010935:deleteAll
1711280014897:add
1711280059814:show
1711280076313:delete
1711280156979:show
1711280258964:delete
1711280614488:show
1711280785259:delete
1711281034145:add
1711281042841:show
1711281054480:delete
1711284199844:add
1711284205973:show
1711457258949:add
1711457264411:show
1711463480946:SHOW
1711463494894:show
1711481502040:add
1711481790193:stop
1712087375717:show
1712087390223:stop
1712087616302:add
1712088057295:stop
